<?xml version="1.0" encoding="UTF-8"?>
<!-- Generated by org.testng.reporters.JUnitReportReporter -->
<testsuite hostname="MIGHTYSURYA11" failures="0" tests="3" name="Questions.TestNG" time="0.722" errors="0" timestamp="2024-07-09T16:20:00 IST" skipped="1">
  <testcase classname="Questions.TestNG" name="test2" time="0.483"/>
  <system-out/>
  <testcase classname="Questions.TestNG" name="test3" time="0.239"/>
  <system-out/>
  <testcase classname="Questions.TestNG" name="Test1">
    <skipped/>
  </testcase> <!-- Test1 -->
  <system-out/>
</testsuite> <!-- Questions.TestNG -->
